<?xml version="1.0" encoding="utf-8"?><testsuites name="pytest tests"><testsuite name="pytest" errors="0" failures="0" skipped="0" tests="11" time="7.274" timestamp="2026-09-11T08:28:49.677002+00:00" hostname="agent-env-264f8b42-1da8-47ac-b3b2-607ad9c674ed"><testcase classname="tests.test_omega_api" name="test_health" time="0.151" /><testcase classname="tests.test_omega_api" name="test_config" time="0.070" /><testcase classname="tests.test_omega_api" name="test_start_empty_prd_returns_400" time="0.070" /><testcase classname="tests.test_omega_api" name="test_run_progresses_to_done" time="5.284" /><testcase classname="tests.test_omega_api" name="test_logs_incremental" time="0.135" /><testcase classname="tests.test_omega_api" name="test_files_listing_and_content" time="0.143" /><testcase classname="tests.test_omega_api" name="test_file_path_traversal_rejected" time="0.066" /><testcase classname="tests.test_omega_api" name="test_stop_inactive_run_404" time="0.073" /><testcase classname="tests.test_omega_api" name="test_list_runs_newest_first" time="0.068" /><testcase classname="tests.test_omega_api" name="test_generated_project_runnable" time="0.724" /><testcase classname="tests.test_omega_api" name="test_stop_active_run" time="0.439" /></testsuite></testsuites>